{"message":"404 - Resource Not Found - /test - GET - ::1","level":"error"}
{"message":"404 - Resource Not Found - /test - GET - ::1","level":"error"}
{"message":"404 - Resource Not Found - /test - GET - ::1","level":"error"}
{"error":{"name":"AssertionError","message":"expected value to match json-schema 'index schema' -> '{\"req\":{\"method\":\"get\",\"url\":\"...'\n      Missing required property: message\n          schema: index schema\n          rule:   /required/0 -> \"message\"","showDiff":true,"actual":{"req":{"method":"get","url":"http://127.0.0.1:3000/","headers":{"user-agent":"node-superagent/2.3.0"}},"header":{"x-powered-by":"Express","content-type":"application/json; charset=utf-8","content-length":"26","etag":"W/\"1a-uh7rdzy2SiDU5cALgrxx76OT57Y\"","date":"Sat, 17 Mar 2018 18:16:18 GMT","connection":"close"},"status":200,"text":"{\"message\":\"get function\"}"},"expected":"index schema","stack":"AssertionError: expected value to match json-schema 'index schema' -> '{\"req\":{\"method\":\"get\",\"url\":\"...'\n      Missing required property: message\n          schema: index schema\n          rule:   /required/0 -> \"message\"\n    at C:\\$proj\\ts-express-api-starter\\src\\tests\\index.spec.ts:29:31\n    at Test.Request.callback (C:\\$proj\\ts-express-api-starter\\node_modules\\superagent\\lib\\node\\index.js:619:12)\n    at C:\\$proj\\ts-express-api-starter\\node_modules\\superagent\\lib\\node\\index.js:795:18\n    at IncomingMessage.<anonymous> (C:\\$proj\\ts-express-api-starter\\node_modules\\superagent\\lib\\node\\parsers\\json.js:16:7)\n    at emitNone (events.js:91:20)\n    at IncomingMessage.emit (events.js:185:7)\n    at endReadableNT (_stream_readable.js:974:12)\n    at _combinedTickCallback (internal/process/next_tick.js:80:11)\n    at process._tickCallback (internal/process/next_tick.js:104:9)"},"level":"error","message":"uncaughtException: expected value to match json-schema 'index schema' -> '{\"req\":{\"method\":\"get\",\"url\":\"...'\n      Missing required property: message\n          schema: index schema\n          rule:   /required/0 -> \"message\"\nAssertionError: expected value to match json-schema 'index schema' -> '{\"req\":{\"method\":\"get\",\"url\":\"...'\n      Missing required property: message\n          schema: index schema\n          rule:   /required/0 -> \"message\"\n    at C:\\$proj\\ts-express-api-starter\\src\\tests\\index.spec.ts:29:31\n    at Test.Request.callback (C:\\$proj\\ts-express-api-starter\\node_modules\\superagent\\lib\\node\\index.js:619:12)\n    at C:\\$proj\\ts-express-api-starter\\node_modules\\superagent\\lib\\node\\index.js:795:18\n    at IncomingMessage.<anonymous> (C:\\$proj\\ts-express-api-starter\\node_modules\\superagent\\lib\\node\\parsers\\json.js:16:7)\n    at emitNone (events.js:91:20)\n    at IncomingMessage.emit (events.js:185:7)\n    at endReadableNT (_stream_readable.js:974:12)\n    at _combinedTickCallback (internal/process/next_tick.js:80:11)\n    at process._tickCallback (internal/process/next_tick.js:104:9)","stack":"AssertionError: expected value to match json-schema 'index schema' -> '{\"req\":{\"method\":\"get\",\"url\":\"...'\n      Missing required property: message\n          schema: index schema\n          rule:   /required/0 -> \"message\"\n    at C:\\$proj\\ts-express-api-starter\\src\\tests\\index.spec.ts:29:31\n    at Test.Request.callback (C:\\$proj\\ts-express-api-starter\\node_modules\\superagent\\lib\\node\\index.js:619:12)\n    at C:\\$proj\\ts-express-api-starter\\node_modules\\superagent\\lib\\node\\index.js:795:18\n    at IncomingMessage.<anonymous> (C:\\$proj\\ts-express-api-starter\\node_modules\\superagent\\lib\\node\\parsers\\json.js:16:7)\n    at emitNone (events.js:91:20)\n    at IncomingMessage.emit (events.js:185:7)\n    at endReadableNT (_stream_readable.js:974:12)\n    at _combinedTickCallback (internal/process/next_tick.js:80:11)\n    at process._tickCallback (internal/process/next_tick.js:104:9)","exception":true,"date":"Sat Mar 17 2018 18:16:18 GMT+0000 (GMT Standard Time)","process":{"pid":12284,"uid":null,"gid":null,"cwd":"C:\\$proj\\ts-express-api-starter","execPath":"C:\\Program Files\\nodejs\\node.exe","version":"v6.11.3","argv":["C:\\Program Files\\nodejs\\node.exe","C:\\$proj\\ts-express-api-starter\\node_modules\\mocha\\bin\\_mocha","-r","ts-node/register","./src/tests/*.spec.ts"],"memoryUsage":{"rss":85602304,"heapTotal":71704576,"heapUsed":54066176,"external":203643}},"os":{"loadavg":[0,0,0],"uptime":427592.2918197},"trace":[{"column":31,"file":"C:\\$proj\\ts-express-api-starter\\src\\tests\\index.spec.ts","function":null,"line":29,"method":null,"native":false},{"column":12,"file":"C:\\$proj\\ts-express-api-starter\\node_modules\\superagent\\lib\\node\\index.js","function":"Test.Request.callback","line":619,"method":"callback","native":false},{"column":18,"file":"C:\\$proj\\ts-express-api-starter\\node_modules\\superagent\\lib\\node\\index.js","function":null,"line":795,"method":null,"native":false},{"column":7,"file":"C:\\$proj\\ts-express-api-starter\\node_modules\\superagent\\lib\\node\\parsers\\json.js","function":null,"line":16,"method":null,"native":false},{"column":20,"file":"events.js","function":"emitNone","line":91,"method":null,"native":false},{"column":7,"file":"events.js","function":"IncomingMessage.emit","line":185,"method":"emit","native":false},{"column":12,"file":"_stream_readable.js","function":"endReadableNT","line":974,"method":null,"native":false},{"column":11,"file":"internal/process/next_tick.js","function":"_combinedTickCallback","line":80,"method":null,"native":false},{"column":9,"file":"internal/process/next_tick.js","function":"process._tickCallback","line":104,"method":"_tickCallback","native":false}]}
{"error":{},"level":"error","message":"uncaughtException: Cannot read property 'should' of undefined\nTypeError: Cannot read property 'should' of undefined\n    at C:\\$proj\\ts-express-api-starter\\src\\tests\\index.spec.ts:29:25\n    at Test.Request.callback (C:\\$proj\\ts-express-api-starter\\node_modules\\superagent\\lib\\node\\index.js:619:12)\n    at C:\\$proj\\ts-express-api-starter\\node_modules\\superagent\\lib\\node\\index.js:795:18\n    at IncomingMessage.<anonymous> (C:\\$proj\\ts-express-api-starter\\node_modules\\superagent\\lib\\node\\parsers\\json.js:16:7)\n    at emitNone (events.js:91:20)\n    at IncomingMessage.emit (events.js:185:7)\n    at endReadableNT (_stream_readable.js:974:12)\n    at _combinedTickCallback (internal/process/next_tick.js:80:11)\n    at process._tickCallback (internal/process/next_tick.js:104:9)","stack":"TypeError: Cannot read property 'should' of undefined\n    at C:\\$proj\\ts-express-api-starter\\src\\tests\\index.spec.ts:29:25\n    at Test.Request.callback (C:\\$proj\\ts-express-api-starter\\node_modules\\superagent\\lib\\node\\index.js:619:12)\n    at C:\\$proj\\ts-express-api-starter\\node_modules\\superagent\\lib\\node\\index.js:795:18\n    at IncomingMessage.<anonymous> (C:\\$proj\\ts-express-api-starter\\node_modules\\superagent\\lib\\node\\parsers\\json.js:16:7)\n    at emitNone (events.js:91:20)\n    at IncomingMessage.emit (events.js:185:7)\n    at endReadableNT (_stream_readable.js:974:12)\n    at _combinedTickCallback (internal/process/next_tick.js:80:11)\n    at process._tickCallback (internal/process/next_tick.js:104:9)","exception":true,"date":"Sat Mar 17 2018 18:16:36 GMT+0000 (GMT Standard Time)","process":{"pid":12380,"uid":null,"gid":null,"cwd":"C:\\$proj\\ts-express-api-starter","execPath":"C:\\Program Files\\nodejs\\node.exe","version":"v6.11.3","argv":["C:\\Program Files\\nodejs\\node.exe","C:\\$proj\\ts-express-api-starter\\node_modules\\mocha\\bin\\_mocha","-r","ts-node/register","./src/tests/*.spec.ts"],"memoryUsage":{"rss":82386944,"heapTotal":69607424,"heapUsed":52639352,"external":583567}},"os":{"loadavg":[0,0,0],"uptime":427610.1341501},"trace":[{"column":25,"file":"C:\\$proj\\ts-express-api-starter\\src\\tests\\index.spec.ts","function":null,"line":29,"method":null,"native":false},{"column":12,"file":"C:\\$proj\\ts-express-api-starter\\node_modules\\superagent\\lib\\node\\index.js","function":"Test.Request.callback","line":619,"method":"callback","native":false},{"column":18,"file":"C:\\$proj\\ts-express-api-starter\\node_modules\\superagent\\lib\\node\\index.js","function":null,"line":795,"method":null,"native":false},{"column":7,"file":"C:\\$proj\\ts-express-api-starter\\node_modules\\superagent\\lib\\node\\parsers\\json.js","function":null,"line":16,"method":null,"native":false},{"column":20,"file":"events.js","function":"emitNone","line":91,"method":null,"native":false},{"column":7,"file":"events.js","function":"IncomingMessage.emit","line":185,"method":"emit","native":false},{"column":12,"file":"_stream_readable.js","function":"endReadableNT","line":974,"method":null,"native":false},{"column":11,"file":"internal/process/next_tick.js","function":"_combinedTickCallback","line":80,"method":null,"native":false},{"column":9,"file":"internal/process/next_tick.js","function":"process._tickCallback","line":104,"method":"_tickCallback","native":false}]}
{"error":{"diagnostics":[{"message":"src\\controllers\\index.controller.ts (25,20): 'generateNumber' is declared but its value is never read. (6133)","code":6133}]},"level":"error","message":"uncaughtException: ⨯ Unable to compile TypeScript\nsrc\\controllers\\index.controller.ts (25,20): 'generateNumber' is declared but its value is never read. (6133)\nTSError: ⨯ Unable to compile TypeScript\nsrc\\controllers\\index.controller.ts (25,20): 'generateNumber' is declared but its value is never read. (6133)\n    at getOutput (C:\\$proj\\ts-express-api-starter\\node_modules\\ts-node\\src\\index.ts:327:15)\n    at Object.compile (C:\\$proj\\ts-express-api-starter\\node_modules\\ts-node\\src\\index.ts:513:11)\n    at Module.m._compile (C:\\$proj\\ts-express-api-starter\\node_modules\\ts-node\\src\\index.ts:400:43)\n    at Module._extensions..js (module.js:579:10)\n    at Object.require.extensions.(anonymous function) [as .ts] (C:\\$proj\\ts-express-api-starter\\node_modules\\ts-node\\src\\index.ts:403:12)\n    at Module.load (module.js:487:32)\n    at tryModuleLoad (module.js:446:12)\n    at Function.Module._load (module.js:438:3)\n    at Module.require (module.js:497:17)\n    at require (internal/module.js:20:19)","stack":"TSError: ⨯ Unable to compile TypeScript\nsrc\\controllers\\index.controller.ts (25,20): 'generateNumber' is declared but its value is never read. (6133)\n    at getOutput (C:\\$proj\\ts-express-api-starter\\node_modules\\ts-node\\src\\index.ts:327:15)\n    at Object.compile (C:\\$proj\\ts-express-api-starter\\node_modules\\ts-node\\src\\index.ts:513:11)\n    at Module.m._compile (C:\\$proj\\ts-express-api-starter\\node_modules\\ts-node\\src\\index.ts:400:43)\n    at Module._extensions..js (module.js:579:10)\n    at Object.require.extensions.(anonymous function) [as .ts] (C:\\$proj\\ts-express-api-starter\\node_modules\\ts-node\\src\\index.ts:403:12)\n    at Module.load (module.js:487:32)\n    at tryModuleLoad (module.js:446:12)\n    at Function.Module._load (module.js:438:3)\n    at Module.require (module.js:497:17)\n    at require (internal/module.js:20:19)","exception":true,"date":"Sat Mar 17 2018 18:56:47 GMT+0000 (GMT Standard Time)","process":{"pid":12008,"uid":null,"gid":null,"cwd":"C:\\$proj\\ts-express-api-starter","execPath":"C:\\Program Files\\nodejs\\node.exe","version":"v6.11.3","argv":["node","C:\\$proj\\ts-express-api-starter\\src\\app.ts"],"memoryUsage":{"rss":127213568,"heapTotal":111550464,"heapUsed":82715416,"external":84981}},"os":{"loadavg":[0,0,0],"uptime":430021.4090635},"trace":[{"column":15,"file":"C:\\$proj\\ts-express-api-starter\\node_modules\\ts-node\\src\\index.ts","function":"getOutput","line":327,"method":null,"native":false},{"column":11,"file":"C:\\$proj\\ts-express-api-starter\\node_modules\\ts-node\\src\\index.ts","function":"Object.compile","line":513,"method":"compile","native":false},{"column":43,"file":"C:\\$proj\\ts-express-api-starter\\node_modules\\ts-node\\src\\index.ts","function":"Module.m._compile","line":400,"method":"_compile","native":false},{"column":10,"file":"module.js","function":"Module._extensions..js","line":579,"method":".js","native":false},{"column":12,"file":"C:\\$proj\\ts-express-api-starter\\node_modules\\ts-node\\src\\index.ts","function":"Object.require.extensions.(anonymous function) [as .ts]","line":403,"method":"ts]","native":false},{"column":32,"file":"module.js","function":"Module.load","line":487,"method":"load","native":false},{"column":12,"file":"module.js","function":"tryModuleLoad","line":446,"method":null,"native":false},{"column":3,"file":"module.js","function":"Module._load","line":438,"method":"_load","native":false},{"column":17,"file":"module.js","function":"Module.require","line":497,"method":"require","native":false},{"column":19,"file":"internal/module.js","function":"require","line":20,"method":null,"native":false}]}
{"error":{"diagnostics":[{"message":"src\\controllers\\index.controller.ts (26,20): 'generateNumber' is declared but its value is never read. (6133)","code":6133}]},"level":"error","message":"uncaughtException: ⨯ Unable to compile TypeScript\nsrc\\controllers\\index.controller.ts (26,20): 'generateNumber' is declared but its value is never read. (6133)\nTSError: ⨯ Unable to compile TypeScript\nsrc\\controllers\\index.controller.ts (26,20): 'generateNumber' is declared but its value is never read. (6133)\n    at getOutput (C:\\$proj\\ts-express-api-starter\\node_modules\\ts-node\\src\\index.ts:327:15)\n    at Object.compile (C:\\$proj\\ts-express-api-starter\\node_modules\\ts-node\\src\\index.ts:513:11)\n    at Module.m._compile (C:\\$proj\\ts-express-api-starter\\node_modules\\ts-node\\src\\index.ts:400:43)\n    at Module._extensions..js (module.js:579:10)\n    at Object.require.extensions.(anonymous function) [as .ts] (C:\\$proj\\ts-express-api-starter\\node_modules\\ts-node\\src\\index.ts:403:12)\n    at Module.load (module.js:487:32)\n    at tryModuleLoad (module.js:446:12)\n    at Function.Module._load (module.js:438:3)\n    at Module.require (module.js:497:17)\n    at require (internal/module.js:20:19)","stack":"TSError: ⨯ Unable to compile TypeScript\nsrc\\controllers\\index.controller.ts (26,20): 'generateNumber' is declared but its value is never read. (6133)\n    at getOutput (C:\\$proj\\ts-express-api-starter\\node_modules\\ts-node\\src\\index.ts:327:15)\n    at Object.compile (C:\\$proj\\ts-express-api-starter\\node_modules\\ts-node\\src\\index.ts:513:11)\n    at Module.m._compile (C:\\$proj\\ts-express-api-starter\\node_modules\\ts-node\\src\\index.ts:400:43)\n    at Module._extensions..js (module.js:579:10)\n    at Object.require.extensions.(anonymous function) [as .ts] (C:\\$proj\\ts-express-api-starter\\node_modules\\ts-node\\src\\index.ts:403:12)\n    at Module.load (module.js:487:32)\n    at tryModuleLoad (module.js:446:12)\n    at Function.Module._load (module.js:438:3)\n    at Module.require (module.js:497:17)\n    at require (internal/module.js:20:19)","exception":true,"date":"Sat Mar 17 2018 18:58:56 GMT+0000 (GMT Standard Time)","process":{"pid":14404,"uid":null,"gid":null,"cwd":"C:\\$proj\\ts-express-api-starter","execPath":"C:\\Program Files\\nodejs\\node.exe","version":"v6.11.3","argv":["node","C:\\$proj\\ts-express-api-starter\\src\\app.ts"],"memoryUsage":{"rss":126636032,"heapTotal":111550464,"heapUsed":82847280,"external":84981}},"os":{"loadavg":[0,0,0],"uptime":430150.7967407},"trace":[{"column":15,"file":"C:\\$proj\\ts-express-api-starter\\node_modules\\ts-node\\src\\index.ts","function":"getOutput","line":327,"method":null,"native":false},{"column":11,"file":"C:\\$proj\\ts-express-api-starter\\node_modules\\ts-node\\src\\index.ts","function":"Object.compile","line":513,"method":"compile","native":false},{"column":43,"file":"C:\\$proj\\ts-express-api-starter\\node_modules\\ts-node\\src\\index.ts","function":"Module.m._compile","line":400,"method":"_compile","native":false},{"column":10,"file":"module.js","function":"Module._extensions..js","line":579,"method":".js","native":false},{"column":12,"file":"C:\\$proj\\ts-express-api-starter\\node_modules\\ts-node\\src\\index.ts","function":"Object.require.extensions.(anonymous function) [as .ts]","line":403,"method":"ts]","native":false},{"column":32,"file":"module.js","function":"Module.load","line":487,"method":"load","native":false},{"column":12,"file":"module.js","function":"tryModuleLoad","line":446,"method":null,"native":false},{"column":3,"file":"module.js","function":"Module._load","line":438,"method":"_load","native":false},{"column":17,"file":"module.js","function":"Module.require","line":497,"method":"require","native":false},{"column":19,"file":"internal/module.js","function":"require","line":20,"method":null,"native":false}]}
{"error":{"diagnostics":[{"message":"src\\controllers\\index.controller.ts (20,33): Property 'generateNumber' does not exist on type 'typeof Utilities'. (2339)","code":2339}]},"level":"error","message":"uncaughtException: ⨯ Unable to compile TypeScript\nsrc\\controllers\\index.controller.ts (20,33): Property 'generateNumber' does not exist on type 'typeof Utilities'. (2339)\nTSError: ⨯ Unable to compile TypeScript\nsrc\\controllers\\index.controller.ts (20,33): Property 'generateNumber' does not exist on type 'typeof Utilities'. (2339)\n    at getOutput (C:\\$proj\\ts-express-api-starter\\node_modules\\ts-node\\src\\index.ts:327:15)\n    at Object.compile (C:\\$proj\\ts-express-api-starter\\node_modules\\ts-node\\src\\index.ts:513:11)\n    at Module.m._compile (C:\\$proj\\ts-express-api-starter\\node_modules\\ts-node\\src\\index.ts:400:43)\n    at Module._extensions..js (module.js:579:10)\n    at Object.require.extensions.(anonymous function) [as .ts] (C:\\$proj\\ts-express-api-starter\\node_modules\\ts-node\\src\\index.ts:403:12)\n    at Module.load (module.js:487:32)\n    at tryModuleLoad (module.js:446:12)\n    at Function.Module._load (module.js:438:3)\n    at Module.require (module.js:497:17)\n    at require (internal/module.js:20:19)","stack":"TSError: ⨯ Unable to compile TypeScript\nsrc\\controllers\\index.controller.ts (20,33): Property 'generateNumber' does not exist on type 'typeof Utilities'. (2339)\n    at getOutput (C:\\$proj\\ts-express-api-starter\\node_modules\\ts-node\\src\\index.ts:327:15)\n    at Object.compile (C:\\$proj\\ts-express-api-starter\\node_modules\\ts-node\\src\\index.ts:513:11)\n    at Module.m._compile (C:\\$proj\\ts-express-api-starter\\node_modules\\ts-node\\src\\index.ts:400:43)\n    at Module._extensions..js (module.js:579:10)\n    at Object.require.extensions.(anonymous function) [as .ts] (C:\\$proj\\ts-express-api-starter\\node_modules\\ts-node\\src\\index.ts:403:12)\n    at Module.load (module.js:487:32)\n    at tryModuleLoad (module.js:446:12)\n    at Function.Module._load (module.js:438:3)\n    at Module.require (module.js:497:17)\n    at require (internal/module.js:20:19)","exception":true,"date":"Sat Mar 17 2018 19:04:45 GMT+0000 (GMT Standard Time)","process":{"pid":7536,"uid":null,"gid":null,"cwd":"C:\\$proj\\ts-express-api-starter","execPath":"C:\\Program Files\\nodejs\\node.exe","version":"v6.11.3","argv":["node","C:\\$proj\\ts-express-api-starter\\src\\app.ts"],"memoryUsage":{"rss":127336448,"heapTotal":111550464,"heapUsed":82594032,"external":84981}},"os":{"loadavg":[0,0,0],"uptime":430499.3677389},"trace":[{"column":15,"file":"C:\\$proj\\ts-express-api-starter\\node_modules\\ts-node\\src\\index.ts","function":"getOutput","line":327,"method":null,"native":false},{"column":11,"file":"C:\\$proj\\ts-express-api-starter\\node_modules\\ts-node\\src\\index.ts","function":"Object.compile","line":513,"method":"compile","native":false},{"column":43,"file":"C:\\$proj\\ts-express-api-starter\\node_modules\\ts-node\\src\\index.ts","function":"Module.m._compile","line":400,"method":"_compile","native":false},{"column":10,"file":"module.js","function":"Module._extensions..js","line":579,"method":".js","native":false},{"column":12,"file":"C:\\$proj\\ts-express-api-starter\\node_modules\\ts-node\\src\\index.ts","function":"Object.require.extensions.(anonymous function) [as .ts]","line":403,"method":"ts]","native":false},{"column":32,"file":"module.js","function":"Module.load","line":487,"method":"load","native":false},{"column":12,"file":"module.js","function":"tryModuleLoad","line":446,"method":null,"native":false},{"column":3,"file":"module.js","function":"Module._load","line":438,"method":"_load","native":false},{"column":17,"file":"module.js","function":"Module.require","line":497,"method":"require","native":false},{"column":19,"file":"internal/module.js","function":"require","line":20,"method":null,"native":false}]}
{"error":{"diagnostics":[{"message":"src\\controllers\\index.controller.ts (12,19): Property 'Test' does not exist on type 'typeof Utilities'. (2339)","code":2339}]},"level":"error","message":"uncaughtException: ⨯ Unable to compile TypeScript\nsrc\\controllers\\index.controller.ts (12,19): Property 'Test' does not exist on type 'typeof Utilities'. (2339)\nTSError: ⨯ Unable to compile TypeScript\nsrc\\controllers\\index.controller.ts (12,19): Property 'Test' does not exist on type 'typeof Utilities'. (2339)\n    at getOutput (C:\\$proj\\ts-express-api-starter\\node_modules\\ts-node\\src\\index.ts:327:15)\n    at Object.compile (C:\\$proj\\ts-express-api-starter\\node_modules\\ts-node\\src\\index.ts:513:11)\n    at Module.m._compile (C:\\$proj\\ts-express-api-starter\\node_modules\\ts-node\\src\\index.ts:400:43)\n    at Module._extensions..js (module.js:579:10)\n    at Object.require.extensions.(anonymous function) [as .ts] (C:\\$proj\\ts-express-api-starter\\node_modules\\ts-node\\src\\index.ts:403:12)\n    at Module.load (module.js:487:32)\n    at tryModuleLoad (module.js:446:12)\n    at Function.Module._load (module.js:438:3)\n    at Module.require (module.js:497:17)\n    at require (internal/module.js:20:19)","stack":"TSError: ⨯ Unable to compile TypeScript\nsrc\\controllers\\index.controller.ts (12,19): Property 'Test' does not exist on type 'typeof Utilities'. (2339)\n    at getOutput (C:\\$proj\\ts-express-api-starter\\node_modules\\ts-node\\src\\index.ts:327:15)\n    at Object.compile (C:\\$proj\\ts-express-api-starter\\node_modules\\ts-node\\src\\index.ts:513:11)\n    at Module.m._compile (C:\\$proj\\ts-express-api-starter\\node_modules\\ts-node\\src\\index.ts:400:43)\n    at Module._extensions..js (module.js:579:10)\n    at Object.require.extensions.(anonymous function) [as .ts] (C:\\$proj\\ts-express-api-starter\\node_modules\\ts-node\\src\\index.ts:403:12)\n    at Module.load (module.js:487:32)\n    at tryModuleLoad (module.js:446:12)\n    at Function.Module._load (module.js:438:3)\n    at Module.require (module.js:497:17)\n    at require (internal/module.js:20:19)","exception":true,"date":"Sat Mar 17 2018 19:04:54 GMT+0000 (GMT Standard Time)","process":{"pid":20372,"uid":null,"gid":null,"cwd":"C:\\$proj\\ts-express-api-starter","execPath":"C:\\Program Files\\nodejs\\node.exe","version":"v6.11.3","argv":["node","C:\\$proj\\ts-express-api-starter\\src\\app.ts"],"memoryUsage":{"rss":127295488,"heapTotal":111550464,"heapUsed":82702936,"external":84981}},"os":{"loadavg":[0,0,0],"uptime":430508.2302959},"trace":[{"column":15,"file":"C:\\$proj\\ts-express-api-starter\\node_modules\\ts-node\\src\\index.ts","function":"getOutput","line":327,"method":null,"native":false},{"column":11,"file":"C:\\$proj\\ts-express-api-starter\\node_modules\\ts-node\\src\\index.ts","function":"Object.compile","line":513,"method":"compile","native":false},{"column":43,"file":"C:\\$proj\\ts-express-api-starter\\node_modules\\ts-node\\src\\index.ts","function":"Module.m._compile","line":400,"method":"_compile","native":false},{"column":10,"file":"module.js","function":"Module._extensions..js","line":579,"method":".js","native":false},{"column":12,"file":"C:\\$proj\\ts-express-api-starter\\node_modules\\ts-node\\src\\index.ts","function":"Object.require.extensions.(anonymous function) [as .ts]","line":403,"method":"ts]","native":false},{"column":32,"file":"module.js","function":"Module.load","line":487,"method":"load","native":false},{"column":12,"file":"module.js","function":"tryModuleLoad","line":446,"method":null,"native":false},{"column":3,"file":"module.js","function":"Module._load","line":438,"method":"_load","native":false},{"column":17,"file":"module.js","function":"Module.require","line":497,"method":"require","native":false},{"column":19,"file":"internal/module.js","function":"require","line":20,"method":null,"native":false}]}
{"error":{"name":"AssertionError","message":"expected { Object (domain, _events, ...) } to have status code 200 but got 404","showDiff":true,"actual":404,"expected":200,"stack":"AssertionError: expected { Object (domain, _events, ...) } to have status code 200 but got 404\n    at C:\\$proj\\ts-express-api-starter\\src\\tests\\index.spec.ts:19:33\n    at Test.Request.callback (C:\\$proj\\ts-express-api-starter\\node_modules\\superagent\\lib\\node\\index.js:631:3)\n    at C:\\$proj\\ts-express-api-starter\\node_modules\\superagent\\lib\\node\\index.js:795:18\n    at IncomingMessage.<anonymous> (C:\\$proj\\ts-express-api-starter\\node_modules\\superagent\\lib\\node\\parsers\\json.js:16:7)\n    at emitNone (events.js:91:20)\n    at IncomingMessage.emit (events.js:185:7)\n    at endReadableNT (_stream_readable.js:974:12)\n    at _combinedTickCallback (internal/process/next_tick.js:80:11)\n    at process._tickCallback (internal/process/next_tick.js:104:9)"},"level":"error","message":"uncaughtException: expected { Object (domain, _events, ...) } to have status code 200 but got 404\nAssertionError: expected { Object (domain, _events, ...) } to have status code 200 but got 404\n    at C:\\$proj\\ts-express-api-starter\\src\\tests\\index.spec.ts:19:33\n    at Test.Request.callback (C:\\$proj\\ts-express-api-starter\\node_modules\\superagent\\lib\\node\\index.js:631:3)\n    at C:\\$proj\\ts-express-api-starter\\node_modules\\superagent\\lib\\node\\index.js:795:18\n    at IncomingMessage.<anonymous> (C:\\$proj\\ts-express-api-starter\\node_modules\\superagent\\lib\\node\\parsers\\json.js:16:7)\n    at emitNone (events.js:91:20)\n    at IncomingMessage.emit (events.js:185:7)\n    at endReadableNT (_stream_readable.js:974:12)\n    at _combinedTickCallback (internal/process/next_tick.js:80:11)\n    at process._tickCallback (internal/process/next_tick.js:104:9)","stack":"AssertionError: expected { Object (domain, _events, ...) } to have status code 200 but got 404\n    at C:\\$proj\\ts-express-api-starter\\src\\tests\\index.spec.ts:19:33\n    at Test.Request.callback (C:\\$proj\\ts-express-api-starter\\node_modules\\superagent\\lib\\node\\index.js:631:3)\n    at C:\\$proj\\ts-express-api-starter\\node_modules\\superagent\\lib\\node\\index.js:795:18\n    at IncomingMessage.<anonymous> (C:\\$proj\\ts-express-api-starter\\node_modules\\superagent\\lib\\node\\parsers\\json.js:16:7)\n    at emitNone (events.js:91:20)\n    at IncomingMessage.emit (events.js:185:7)\n    at endReadableNT (_stream_readable.js:974:12)\n    at _combinedTickCallback (internal/process/next_tick.js:80:11)\n    at process._tickCallback (internal/process/next_tick.js:104:9)","exception":true,"date":"Sat Mar 17 2018 19:07:31 GMT+0000 (GMT Standard Time)","process":{"pid":2796,"uid":null,"gid":null,"cwd":"C:\\$proj\\ts-express-api-starter","execPath":"C:\\Program Files\\nodejs\\node.exe","version":"v6.11.3","argv":["C:\\Program Files\\nodejs\\node.exe","C:\\$proj\\ts-express-api-starter\\node_modules\\mocha\\bin\\_mocha","-r","ts-node/register","./src/tests/*.spec.ts"],"memoryUsage":{"rss":87203840,"heapTotal":71704576,"heapUsed":58995056,"external":358678}},"os":{"loadavg":[0,0,0],"uptime":430665.9822964},"trace":[{"column":33,"file":"C:\\$proj\\ts-express-api-starter\\src\\tests\\index.spec.ts","function":null,"line":19,"method":null,"native":false},{"column":3,"file":"C:\\$proj\\ts-express-api-starter\\node_modules\\superagent\\lib\\node\\index.js","function":"Test.Request.callback","line":631,"method":"callback","native":false},{"column":18,"file":"C:\\$proj\\ts-express-api-starter\\node_modules\\superagent\\lib\\node\\index.js","function":null,"line":795,"method":null,"native":false},{"column":7,"file":"C:\\$proj\\ts-express-api-starter\\node_modules\\superagent\\lib\\node\\parsers\\json.js","function":null,"line":16,"method":null,"native":false},{"column":20,"file":"events.js","function":"emitNone","line":91,"method":null,"native":false},{"column":7,"file":"events.js","function":"IncomingMessage.emit","line":185,"method":"emit","native":false},{"column":12,"file":"_stream_readable.js","function":"endReadableNT","line":974,"method":null,"native":false},{"column":11,"file":"internal/process/next_tick.js","function":"_combinedTickCallback","line":80,"method":null,"native":false},{"column":9,"file":"internal/process/next_tick.js","function":"process._tickCallback","line":104,"method":"_tickCallback","native":false}]}
{"error":{"name":"AssertionError","message":"expected { Object (domain, _events, ...) } to have status code 200 but got 404","showDiff":true,"actual":404,"expected":200,"stack":"AssertionError: expected { Object (domain, _events, ...) } to have status code 200 but got 404\n    at C:\\$proj\\ts-express-api-starter\\src\\tests\\index.spec.ts:19:33\n    at Test.Request.callback (C:\\$proj\\ts-express-api-starter\\node_modules\\superagent\\lib\\node\\index.js:631:3)\n    at C:\\$proj\\ts-express-api-starter\\node_modules\\superagent\\lib\\node\\index.js:795:18\n    at IncomingMessage.<anonymous> (C:\\$proj\\ts-express-api-starter\\node_modules\\superagent\\lib\\node\\parsers\\json.js:16:7)\n    at emitNone (events.js:91:20)\n    at IncomingMessage.emit (events.js:185:7)\n    at endReadableNT (_stream_readable.js:974:12)\n    at _combinedTickCallback (internal/process/next_tick.js:80:11)\n    at process._tickCallback (internal/process/next_tick.js:104:9)"},"level":"error","message":"uncaughtException: expected { Object (domain, _events, ...) } to have status code 200 but got 404\nAssertionError: expected { Object (domain, _events, ...) } to have status code 200 but got 404\n    at C:\\$proj\\ts-express-api-starter\\src\\tests\\index.spec.ts:19:33\n    at Test.Request.callback (C:\\$proj\\ts-express-api-starter\\node_modules\\superagent\\lib\\node\\index.js:631:3)\n    at C:\\$proj\\ts-express-api-starter\\node_modules\\superagent\\lib\\node\\index.js:795:18\n    at IncomingMessage.<anonymous> (C:\\$proj\\ts-express-api-starter\\node_modules\\superagent\\lib\\node\\parsers\\json.js:16:7)\n    at emitNone (events.js:91:20)\n    at IncomingMessage.emit (events.js:185:7)\n    at endReadableNT (_stream_readable.js:974:12)\n    at _combinedTickCallback (internal/process/next_tick.js:80:11)\n    at process._tickCallback (internal/process/next_tick.js:104:9)","stack":"AssertionError: expected { Object (domain, _events, ...) } to have status code 200 but got 404\n    at C:\\$proj\\ts-express-api-starter\\src\\tests\\index.spec.ts:19:33\n    at Test.Request.callback (C:\\$proj\\ts-express-api-starter\\node_modules\\superagent\\lib\\node\\index.js:631:3)\n    at C:\\$proj\\ts-express-api-starter\\node_modules\\superagent\\lib\\node\\index.js:795:18\n    at IncomingMessage.<anonymous> (C:\\$proj\\ts-express-api-starter\\node_modules\\superagent\\lib\\node\\parsers\\json.js:16:7)\n    at emitNone (events.js:91:20)\n    at IncomingMessage.emit (events.js:185:7)\n    at endReadableNT (_stream_readable.js:974:12)\n    at _combinedTickCallback (internal/process/next_tick.js:80:11)\n    at process._tickCallback (internal/process/next_tick.js:104:9)","exception":true,"date":"Sat Mar 17 2018 19:08:17 GMT+0000 (GMT Standard Time)","process":{"pid":1672,"uid":null,"gid":null,"cwd":"C:\\$proj\\ts-express-api-starter","execPath":"C:\\Program Files\\nodejs\\node.exe","version":"v6.11.3","argv":["C:\\Program Files\\nodejs\\node.exe","C:\\$proj\\ts-express-api-starter\\node_modules\\mocha\\bin\\_mocha","-r","ts-node/register","./src/tests/*.spec.ts"],"memoryUsage":{"rss":81526784,"heapTotal":66461696,"heapUsed":49892688,"external":72832}},"os":{"loadavg":[0,0,0],"uptime":430711.3681108},"trace":[{"column":33,"file":"C:\\$proj\\ts-express-api-starter\\src\\tests\\index.spec.ts","function":null,"line":19,"method":null,"native":false},{"column":3,"file":"C:\\$proj\\ts-express-api-starter\\node_modules\\superagent\\lib\\node\\index.js","function":"Test.Request.callback","line":631,"method":"callback","native":false},{"column":18,"file":"C:\\$proj\\ts-express-api-starter\\node_modules\\superagent\\lib\\node\\index.js","function":null,"line":795,"method":null,"native":false},{"column":7,"file":"C:\\$proj\\ts-express-api-starter\\node_modules\\superagent\\lib\\node\\parsers\\json.js","function":null,"line":16,"method":null,"native":false},{"column":20,"file":"events.js","function":"emitNone","line":91,"method":null,"native":false},{"column":7,"file":"events.js","function":"IncomingMessage.emit","line":185,"method":"emit","native":false},{"column":12,"file":"_stream_readable.js","function":"endReadableNT","line":974,"method":null,"native":false},{"column":11,"file":"internal/process/next_tick.js","function":"_combinedTickCallback","line":80,"method":null,"native":false},{"column":9,"file":"internal/process/next_tick.js","function":"process._tickCallback","line":104,"method":"_tickCallback","native":false}]}
